0:100  0:100  MemLog inited, TSC freq: 2304325620
0:100  0:000  CPU was calibrated with RTC
0:100  0:000  
0:100  0:000  Now is 20.3.2019,  9:22:12 (GMT)
0:100  0:000  Starting Clover revision: 4877 on American Megatrends EFI
0:100  0:000  Build with: [Args: -mc --no-usb | -D DISABLE_USB_SUPPORT -D USE_BIOS_BLOCKIO -D USE_LOW_EBDA -a X64 -b RELEASE -t XCODE8 -n 5 | OS: 10.14.3 | XCODE: 10.1]
0:100  0:000  SelfDevicePath=PciRoot(0x0)\Pci(0x17,0x0)\Sata(0x2,0xFFFF,0x0)\HD(1,GPT,DA41B488-B601-4312-830C-7808A816B9E7,0x28,0x64000) @7512E798
0:100  0:000  SelfDirPath = \EFI\BOOT
0:102  0:002  === [ Get Smbios ] ========================================
0:102  0:000  Type 16 Index = 0
0:102  0:000  Total Memory Slots Count = 2
0:102  0:000  Type 17 Index = 0
0:102  0:000  SmbiosTable.Type17->Speed = 2667MHz
0:102  0:000  SmbiosTable.Type17->Size = 8192MB
0:102  0:000  SmbiosTable.Type17->Bank/Device = Memory Channel A SODIMM1
0:102  0:000  SmbiosTable.Type17->Vendor = Samsung
0:102  0:000  SmbiosTable.Type17->SerialNumber = 033386CD
0:102  0:000  SmbiosTable.Type17->PartNumber = M471A1K43DB1-CTD    
0:102  0:000  Type 17 Index = 1
0:102  0:000  SmbiosTable.Type17->Speed = 2667MHz
0:102  0:000  SmbiosTable.Type17->Size = 8192MB
0:102  0:000  SmbiosTable.Type17->Bank/Device = Memory Channel B SODIMM2
0:102  0:000  SmbiosTable.Type17->Vendor = Samsung
0:102  0:000  SmbiosTable.Type17->SerialNumber = 0333863C
0:102  0:000  SmbiosTable.Type17->PartNumber = M471A1K43DB1-CTD    
0:102  0:000  Boot status=0
0:102  0:000  Running on: 'NUC8i5BEH' with board 'NUC8BEB'
0:102  0:000  === [ GetCPUProperties ] ==================================
0:102  0:000  CPU Vendor = 756E6547 Model=806EA
0:102  0:000   The CPU supported SSE4.1
0:102  0:000  BrandString = Intel(R) Core(TM) i5-8259U CPU @ 2.30GHz
0:102  0:000   The CPU supported turbo
0:102  0:000  MSR 0x35               40008
0:102  0:000   TSC/CCC Information Leaf:
0:102  0:000    numerator     : 192
0:102  0:000    denominator   : 2
0:102  0:000   Calibrated ARTFrequency: 24003391
0:102  0:000  MSR 0xE2 before patch 1E008008
0:102  0:000  MSR 0xE2 is locked, PM patches will be turned on
0:102  0:000  MSR 0xCE              0204043B_F1011700
0:102  0:000  corrected FLEX_RATIO = 0
0:102  0:000  MSR 0x1B0             00000000
0:102  0:000  FSBFrequency = 100 MHz, DMI FSBFrequency = 100 MHz, Corrected FSBFrequency = 100 MHz
0:102  0:000  MaxDiv/MinDiv: 23.0/4
0:102  0:000  Turbo: 36/37/38/38
0:102  0:000  Features: 0xBFEBFBFF
0:102  0:000  Threads: 8
0:102  0:000  Cores: 4
0:102  0:000  FSB: 100 MHz
0:102  0:000  CPU: 2300 MHz
0:102  0:000  TSC: 2300 MHz
0:102  0:000  PIS: 100 MHz
0:102  0:000  ExternalClock: 25 MHz
0:102  0:000  === [ GetDevices ] ========================================
0:102  0:000  PCI (00|00:00.00) : 8086 3ED0 class=060000
0:102  0:000  PCI (00|00:02.00) : 8086 3EA5 class=030000
0:102  0:000   - GFX: Model=Intel Iris Plus Graphics 655 (Intel)
0:102  0:000  PCI (00|00:08.00) : 8086 1911 class=088000
0:102  0:000  PCI (00|00:12.00) : 8086 9DF9 class=118000
0:102  0:000  PCI (00|00:14.00) : 8086 9DED class=0C0330
0:102  0:000  PCI (00|00:14.02) : 8086 9DEF class=050000
0:102  0:000  PCI (00|00:14.03) : 8086 9DF0 class=028000
0:102  0:000   - WIFI: Vendor=Intel
0:102  0:000  PCI (00|00:16.00) : 8086 9DE0 class=078000
0:102  0:000  PCI (00|00:17.00) : 8086 9DD3 class=010601
0:102  0:000  PCI (00|00:1C.00) : 8086 9DB8 class=060400
0:102  0:000  PCI (00|00:1C.04) : 8086 9DBC class=060400
0:102  0:000  PCI (00|00:1D.00) : 8086 9DB0 class=060400
0:102  0:000  PCI (00|6D:00.00) : 14E4 43A0 class=028000
0:102  0:000   - WIFI: Vendor=Broadcom
0:102  0:000  PCI (00|00:1F.00) : 8086 9D84 class=060100
0:103  0:000  PCI (00|00:1F.03) : 8086 9DC8 class=040380
0:103  0:000  PCI (00|00:1F.04) : 8086 9DA3 class=0C0500
0:103  0:000  PCI (00|00:1F.05) : 8086 9DA4 class=0C8000
0:103  0:000  PCI (00|00:1F.06) : 8086 15BE class=020000
0:103  0:000   - LAN: 0 Vendor=Intel
0:103  0:000  === [ GetDefaultSettings ] ================================
0:103  0:000  Clover load options size = 0 bytes
0:109  0:005  EFI\CLOVER\config.plist loaded: Success
0:109  0:000  === [ GetListOfThemes ] ===================================
0:110  0:001  - [00]: El Capitan
0:113  0:002  - [01]: Nightwish
0:116  0:003  === [ Found config plists ] ===============================
0:117  0:001  - config.plist
0:118  0:000  === [ GetEarlyUserSettings ] ==============================
0:118  0:000  timeout set to 0
0:118  0:000  Custom boot CUSTOM_BOOT_DISABLED (0x0)
0:118  0:000  KernelToPatch: 3 requested
0:118  0:000   - [00]: MSR 0xE2 _xcpm_idle instant reboot(c) Pike R. Alpha :: data len: 8
0:118  0:000   - [01]: Disable panic kext logging on 10.13 release kernel (credit vit9696) :: MatchOS: 10.13.x :: data len: 6
0:118  0:000   - [02]: Disable panic kext logging on 10.14 release kernel (credit vit9696) :: MatchOS: 10.14.x :: data len: 6
0:118  0:000  Default theme: Nightwish
0:118  0:000  Hiding entries with string Preboot
0:118  0:000  Hiding entries with string Recovery
0:118  0:000  === [ LoadDrivers ] =======================================
0:121  0:002  Loading HFSPlus-64.efi  status=Success
0:128  0:006   - driver needs connecting
0:128  0:000  Loading DataHubDxe-64.efi  status=Success
0:134  0:006  Loading FSInject-64.efi  status=Success
0:138  0:004  Loading ApfsDriverLoader-64.efi  status=Success
0:143  0:005   - driver needs connecting
0:143  0:000  Loading SMCHelper-64.efi  status=Success
0:148  0:004  Loading OsxAptioFixDrv-64.efi  status=Success
0:153  0:005  2 drivers needs connecting ...
0:153  0:000  PlatformDriverOverrideProtocol not found. Installing ... Success
0:153  0:000  HFS+ driver loaded
0:153  0:000  APFS driver loaded
0:153  0:000  Searching for invalid DiskIo BY_DRIVER connects: not found, all ok
0:555  0:401  === [ InitScreen ] ========================================
0:555  0:000  SetMaxResolution: found best mode 4: 1920x1080
0:555  0:000   - already set
0:555  0:000  Console modes reported: 6, available modes:
0:555  0:000   - [01]: 240x56 (current mode)
0:555  0:000   - [02]: 80x50
0:555  0:000   - [03]: 100x31
0:555  0:000   - [06]: 128x40
0:555  0:000  reinit: self device path=PciRoot(0x0)\Pci(0x17,0x0)\Sata(0x2,0xFFFF,0x0)\HD(1,GPT,DA41B488-B601-4312-830C-7808A816B9E7,0x28,0x64000)
0:556  0:001  === [ GetMacAddress ] =====================================
0:556  0:000  === [ ScanSPD ] ===========================================
0:557  0:000  Scanning SMBus [8086:9DA3], mmio: 0x4A116004, ioport: 0xEFA0, hostc: 0x11
0:575  0:018  Slot: 0 Type 26 8192MB 2666MHz Vendor=Samsung PartNo=M471A1K43DB1-CTD SerialNo=0003030308060C0D
0:593  0:018  Slot: 2 Type 26 8192MB 2666MHz Vendor=Samsung PartNo=M471A1K43DB1-CTD SerialNo=000303030806030C
0:594  0:000  === [ GetAcpiTablesList ] =================================
0:594  0:000  Get Acpi Tables List from RSDT:
0:594  0:000   - [00]: FACP  NUC8i5BE len=132
0:594  0:000   - [01]: APIC  NUC8i5BE len=188
0:594  0:000   - [02]: FPDT  NUC8i5BE len=68
0:594  0:000   - [03]: FIDT  NUC8i5BE len=156
0:594  0:000   - [04]: MCFG  NUC8i5BE len=60
0:594  0:000   - [05]: SSDT  NUC8i5BE len=888
0:594  0:000   - [06]: SSDT  NUC8i5BE len=6086
0:594  0:000   - [07]: SSDT  NUC8i5BE len=12742
0:594  0:000   - [08]: HPET  NUC8i5BE len=56
0:594  0:000   - [09]: SSDT  NUC8i5BE len=4014
0:594  0:000   - [10]: SSDT  NUC8i5BE len=10696
0:594  0:000   - [11]: UEFI  NUC8i5BE len=72
0:594  0:000   - [12]: LPIT  NUC8i5BE len=92
0:594  0:000   - [13]: SSDT  NUC8i5BE len=10206
0:594  0:000   - [14]: SSDT  NUC8i5BE len=2232
0:594  0:000   - [15]: DBGP  NUC8i5BE len=52
0:594  0:000   - [16]: DBG2  NUC8i5BE len=84
0:594  0:000   - [17]: SSDT  NUC8i5BE len=324
0:594  0:000   - [18]: DMAR  NUC8i5BE len=168
0:594  0:000   - [19]: NHLT  NUC8i5BE len=45
0:594  0:000   - [20]: BGRT  NUC8i5BE len=56
0:594  0:000   - [21]: TPM2  NUC8i5BE len=52
0:594  0:000   - [22]: WSMT  NUC8i5BE len=40
0:594  0:000  Calibrated TSC Frequency = 2304325620 = 2304MHz
0:594  0:000  === [ GetUserSettings ] ===================================
0:594  0:000  Add 2 devices:
0:594  0:000  USB FixOwnership: no
0:594  0:000   - final DSDT Fix mask=00000000
0:594  0:000  PatchesDSDT: 7 requested
0:594  0:000   - [00]: (change _OSI to XOSI) lenToFind: 4, lenToReplace: 4, Target Bridge: <null string>
0:594  0:000   - [01]: (change H_EC to EC) lenToFind: 4, lenToReplace: 4, Target Bridge: <null string>
0:594  0:000   - [02]: (change GFX0 to IGPU) lenToFind: 4, lenToReplace: 4, Target Bridge: <null string>
0:594  0:000   - [03]: (change HECI to IMEI) lenToFind: 4, lenToReplace: 4, Target Bridge: <null string>
0:594  0:000   - [04]: (change SAT0 to SATA) lenToFind: 4, lenToReplace: 4, Target Bridge: <null string>
0:594  0:000   - [05]: (change _DSM to XDSM) lenToFind: 4, lenToReplace: 4, Target Bridge: <null string>
0:594  0:000   - [06]: (change XDCI._STA to XDCI.XSTA) lenToFind: 4, lenToReplace: 4, Target Bridge: XDCI
0:594  0:000  Using ProductName from config: iMac18,1
0:594  0:000  Using latest BiosVersion from clover
0:594  0:000  BiosVersion: IM181.88Z.F000.B00.1812191142
0:594  0:000  BiosReleaseDate: 12/19/2018
0:594  0:000  Using EfiVersion from config: 165.0.0.0.0
0:594  0:000  Using FirmwareFeatures from config: 0xFC0FE137
0:594  0:000  Using FirmwareFeaturesMask from config: 0xFF1FFF3F
0:594  0:000  Board-ID set from config as Mac-4B682C642B45593E
0:594  0:000  BoardType: 0xA
0:594  0:000  ChassisType: 0x9
0:597  0:002  === [ Found DSDT tables ] =================================
0:666  0:069  === [ ScanVolumes ] =======================================
0:666  0:000  Found 7 volumes with blockIO
0:666  0:000  - [00]: Volume: PciRoot(0x0)\Pci(0x17,0x0)\Sata(0x2,0xFFFF,0x0)
0:667  0:000  - [01]: Volume: PciRoot(0x0)\Pci(0x17,0x0)\Sata(0x2,0xFFFF,0x0)\HD(1,GPT,DA41B488-B601-4312-830C-7808A816B9E7,0x28,0x64000)
0:668  0:000          Result of bootcode detection: bootable unknown (legacy)
0:668  0:000          This is SelfVolume !!
0:668  0:000  - [02]: Volume: PciRoot(0x0)\Pci(0x17,0x0)\Sata(0x2,0xFFFF,0x0)\HD(2,GPT,C0667CE7-FF87-4C8F-AFC3-7E99B66E56F7,0x64028,0x1DC8F260)
0:669  0:000          Result of bootcode detection: bootable unknown (legacy)
0:669  0:000  - [03]: Volume: PciRoot(0x0)\Pci(0x17,0x0)\Sata(0x2,0xFFFF,0x0)\HD(2,GPT,C0667CE7-FF87-4C8F-AFC3-7E99B66E56F7,0x64028,0x1DC8F260)\VenMedia(BE74FCF7-0B7C-49F3-9147-01F4042E6842,E4662FD8E56E814EB56DCD3EBA7EB54B)
0:669  0:000          hiding this volume
0:669  0:000  - [04]: Volume: PciRoot(0x0)\Pci(0x17,0x0)\Sata(0x2,0xFFFF,0x0)\HD(2,GPT,C0667CE7-FF87-4C8F-AFC3-7E99B66E56F7,0x64028,0x1DC8F260)\VenMedia(BE74FCF7-0B7C-49F3-9147-01F4042E6842,232745AA7F925D3492533003BD708B41)
0:669  0:000  - [05]: Volume: PciRoot(0x0)\Pci(0x17,0x0)\Sata(0x2,0xFFFF,0x0)\HD(2,GPT,C0667CE7-FF87-4C8F-AFC3-7E99B66E56F7,0x64028,0x1DC8F260)\VenMedia(BE74FCF7-0B7C-49F3-9147-01F4042E6842,F150AA629EA38740840F5D5B912262E1)
0:669  0:000          hiding this volume
0:669  0:000  - [06]: Volume: PciRoot(0x0)\Pci(0x17,0x0)\Sata(0x2,0xFFFF,0x0)\HD(2,GPT,C0667CE7-FF87-4C8F-AFC3-7E99B66E56F7,0x64028,0x1DC8F260)\VenMedia(BE74FCF7-0B7C-49F3-9147-01F4042E6842,B20F55833D300F4AA2470C20E642998E)
0:669  0:000  No AudioIoProtocols, status=Not Found
0:669  0:000  === [ InitTheme ] =========================================
0:669  0:000  use daylight theme
0:673  0:004  Using theme 'Nightwish' (EFI\CLOVER\themes\Nightwish)
0:673  0:000  OS main and drive as badge
0:674  0:000  file sound read: sound.wav Not Found
0:676  0:002  Loading font from ThemeDir: Success
0:677  0:000  theme inited
0:677  0:000  Chosen theme Nightwish
0:677  0:000  after NVRAM boot-args=dart=0
0:677  0:000  === [ Dump SMC keys from NVRAM ] ==========================
0:677  0:000  found AppleSMC protocol
0:715  0:038  Registered 16 SMC keys
0:718  0:002  === [ ScanLoader ] ========================================
0:718  0:000  - [01]: 'EFI'
0:798  0:079          AddLoaderEntry for Volume Name=EFI
0:798  0:000          skipped because entry is hidden
0:798  0:000  - [03]: 'Preboot', hidden
0:798  0:000  - [04]: 'Macintosh HD'
0:977  0:179          AddLoaderEntry for Volume Name=Macintosh HD
1:017  0:040      hibernated: set as never
1:142  0:124  - [05]: 'Recovery', hidden
1:142  0:000  - [06]: 'VM'
1:188  0:046  === [ AddCustomTool ] =====================================
1:191  0:002  Checking EFI partition Volume 1 for Clover
1:193  0:002   Found Clover
1:199  0:006  === [ GetEfiBootDeviceFromNvram ] =========================
1:199  0:000   - efi-boot-device-data: PciRoot(0x0)\Pci(0x17,0x0)\Sata(0x2,0xFFFF,0x0)\HD(2,GPT,C0667CE7-FF87-4C8F-AFC3-7E99B66E56F7,0x64028,0x1DC8F260)\VenMedia(BE74FCF7-0B7C-49F3-9147-01F4042E6842,232745AA7F925D3492533003BD708B41)
1:199  0:000    - Volume: 'PciRoot(0x0)\Pci(0x17,0x0)\Sata(0x2,0xFFFF,0x0)\HD(2,GPT,C0667CE7-FF87-4C8F-AFC3-7E99B66E56F7,0x64028,0x1DC8F260)\VenMedia(BE74FCF7-0B7C-49F3-9147-01F4042E6842,232745AA7F925D3492533003BD708B41)'
1:199  0:000    - LoaderPath: '<null string>'
1:199  0:000    - Guid = C0667CE7-FF87-4C8F-AFC3-7E99B66E56F7
1:199  0:000  === [ FindStartupDiskVolume ] =============================
1:199  0:000    - Volume: partition = PciRoot(0x0)\Pci(0x17,0x0)\Sata(0x2,0xFFFF,0x0)\HD(2,GPT,C0667CE7-FF87-4C8F-AFC3-7E99B66E56F7,0x64028,0x1DC8F260)\VenMedia(BE74FCF7-0B7C-49F3-9147-01F4042E6842,232745AA7F925D3492533003BD708B41)
1:199  0:000     - searching for that partition
1:199  0:000      - found entry 0. 'Boot macOS from Macintosh HD', Volume 'Macintosh HD'
1:199  0:000  Boot redirected to Entry 0. 'Boot macOS from Macintosh HD'
1:199  0:000  DefaultIndex=0 and MainMenu.EntryCount=6
1:247  0:047  GUI ready
